<?xml version="1.0" encoding="UTF-8"?>
<!-- Generated by org.testng.reporters.JUnitReportReporter -->
<testsuite skipped="2" hostname="TDB-0004XL" name="IBM.Rest_Assured.Rest_Assured_Demo_1" tests="3" failures="0" timestamp="11 Mar 2022 05:16:52 GMT" time="5.814" errors="0">
  <testcase name="UserLoginAndLogout" time="5.814" classname="IBM.Rest_Assured.Rest_Assured_Demo_1"/>
  <testcase name="testcase1" classname="IBM.Rest_Assured.Rest_Assured_Demo_1">
    <skipped/>
  </testcase> <!-- testcase1 -->
  <testcase name="testcase" classname="IBM.Rest_Assured.Rest_Assured_Demo_1">
    <skipped/>
  </testcase> <!-- testcase -->
</testsuite> <!-- IBM.Rest_Assured.Rest_Assured_Demo_1 -->
