<?xml version="1.0" encoding="UTF-8"?>
<!-- Generated by org.testng.reporters.JUnitReportReporter -->
<testsuite skipped="0" hostname="TDB-0004XL" name="Project_Work.ProjectWork_User" tests="6" failures="0" timestamp="15 Mar 2022 12:50:33 GMT" time="10.220" errors="0">
  <testcase name="CreateUser" time="4.553" classname="Project_Work.ProjectWork_User"/>
  <testcase name="UserLogin" time="1.365" classname="Project_Work.ProjectWork_User"/>
  <testcase name="ModifyUser" time="1.700" classname="Project_Work.ProjectWork_User"/>
  <testcase name="UserLogout" time="1.320" classname="Project_Work.ProjectWork_User"/>
  <testcase name="datatransfer" time="0.012" classname="Project_Work.ProjectWork_User"/>
  <testcase name="DeleteUser" time="1.270" classname="Project_Work.ProjectWork_User"/>
</testsuite> <!-- Project_Work.ProjectWork_User -->
