<?xml version="1.0" encoding="UTF-8"?>
<!-- Generated by org.testng.reporters.JUnitReportReporter -->
<testsuite skipped="4" hostname="TDB-0004XL" name="IBM.Rest_Assured.Rest_Assured_POST_2" tests="5" failures="0" timestamp="15 Mar 2022 12:42:47 GMT" time="2.775" errors="0">
  <testcase name="pojo" time="2.775" classname="IBM.Rest_Assured.Rest_Assured_POST_2"/>
  <testcase name="complexpayload" classname="IBM.Rest_Assured.Rest_Assured_POST_2">
    <skipped/>
  </testcase> <!-- complexpayload -->
  <testcase name="jsonobject" classname="IBM.Rest_Assured.Rest_Assured_POST_2">
    <skipped/>
  </testcase> <!-- jsonobject -->
  <testcase name="JSONPayload" classname="IBM.Rest_Assured.Rest_Assured_POST_2">
    <skipped/>
  </testcase> <!-- JSONPayload -->
  <testcase name="JSONtoStr" classname="IBM.Rest_Assured.Rest_Assured_POST_2">
    <skipped/>
  </testcase> <!-- JSONtoStr -->
</testsuite> <!-- IBM.Rest_Assured.Rest_Assured_POST_2 -->
