<?xml version="1.0" encoding="UTF-8"?>
<!-- Generated by org.testng.reporters.JUnitReportReporter -->
<testsuite skipped="0" hostname="TDB-0004XL" name="IBM.Rest_Assured.ProjectWork_User" tests="3" failures="0" timestamp="15 Mar 2022 08:03:53 GMT" time="5.258" errors="0">
  <testcase name="datatransfer" time="0.004" classname="IBM.Rest_Assured.ProjectWork_User"/>
  <testcase name="createuser" time="3.946" classname="IBM.Rest_Assured.ProjectWork_User"/>
  <testcase name="modifyuser" time="1.308" classname="IBM.Rest_Assured.ProjectWork_User"/>
</testsuite> <!-- IBM.Rest_Assured.ProjectWork_User -->
